\BOOKMARK [1][-]{section.1}{\376\377\000K\000N\000N}{}% 1
\BOOKMARK [1][-]{section.2}{\376\377\000L\000i\000n\000e\000a\000r\000\040\000R\000e\000g\000r\000e\000s\000s\000i\000o\000n}{}% 2
\BOOKMARK [1][-]{section.3}{\376\377\000P\000e\000n\000a\000l\000i\000z\000e\000d\000\040\000L\000i\000n\000e\000a\000r\000\040\000R\000e\000g\000r\000e\000s\000s\000i\000o\000n}{}% 3
\BOOKMARK [2][-]{subsection.3.1}{\376\377\000R\000i\000d\000g\000e\000\040\000R\000e\000g\000r\000e\000s\000s\000i\000o\000n}{section.3}% 4
\BOOKMARK [2][-]{subsection.3.2}{\376\377\000L\000a\000s\000s\000o}{section.3}% 5
\BOOKMARK [1][-]{section.4}{\376\377\000C\000l\000a\000s\000s\000i\000f\000i\000c\000a\000t\000i\000o\000n}{}% 6
\BOOKMARK [2][-]{subsection.4.1}{\376\377\000L\000D\000A\000\040\000a\000n\000d\000\040\000Q\000D\000A}{section.4}% 7
\BOOKMARK [2][-]{subsection.4.2}{\376\377\000A\000l\000t\000e\000r\000n\000a\000t\000i\000v\000e\000\040\000M\000e\000t\000h\000o\000d\000s}{section.4}% 8
\BOOKMARK [1][-]{section.5}{\376\377\000S\000u\000p\000p\000o\000r\000t\000\040\000V\000e\000c\000t\000o\000r\000\040\000M\000a\000c\000h\000i\000n\000e\000s\000\040\000\050\000S\000V\000M\000\051}{}% 9
\BOOKMARK [2][-]{subsection.5.1}{\376\377\000s\000e\000p\000a\000r\000a\000b\000l\000e}{section.5}% 10
\BOOKMARK [2][-]{subsection.5.2}{\376\377\000N\000o\000n\000s\000e\000p\000a\000r\000a\000b\000l\000e\000\040\000S\000V\000M}{section.5}% 11
\BOOKMARK [2][-]{subsection.5.3}{\376\377\000K\000e\000r\000n\000e\000l\000\040\000T\000r\000i\000c\000k}{section.5}% 12
\BOOKMARK [2][-]{subsection.5.4}{\376\377\000C\000o\000n\000v\000e\000x\000i\000t\000y\000\040\000o\000f\000\040\000S\000V\000M}{section.5}% 13
\BOOKMARK [2][-]{subsection.5.5}{\376\377\000P\000e\000n\000a\000l\000i\000z\000e\000d\000\040\000v\000e\000r\000s\000i\000o\000n\000\040\000o\000f\000\040\000s\000v\000m}{section.5}% 14
\BOOKMARK [1][-]{section.6}{\376\377\000T\000r\000e\000e\000\040\000a\000n\000d\000\040\000R\000a\000n\000d\000o\000m\000\040\000F\000o\000r\000e\000s\000t}{}% 15
\BOOKMARK [2][-]{subsection.6.1}{\376\377\000S\000p\000l\000i\000t\000t\000i\000n\000g\000\040\000r\000u\000l\000e\000s}{section.6}% 16
\BOOKMARK [2][-]{subsection.6.2}{\376\377\000R\000a\000n\000d\000o\000m\000\040\000F\000o\000r\000e\000s\000t}{section.6}% 17
\BOOKMARK [2][-]{subsection.6.3}{\376\377\000A\000d\000a\000p\000t\000i\000v\000e\000\040\000K\000e\000r\000n\000e\000l}{section.6}% 18
\BOOKMARK [1][-]{section.7}{\376\377\000B\000o\000o\000s\000t\000i\000n\000g}{}% 19
\BOOKMARK [2][-]{subsection.7.1}{\376\377\000A\000d\000a\000\040\000b\000o\000o\000s\000t}{section.7}% 20
\BOOKMARK [2][-]{subsection.7.2}{\376\377\000T\000r\000a\000i\000n\000i\000n\000g\000\040\000E\000r\000r\000o\000r\000\040\000B\000o\000u\000n\000d}{section.7}% 21
\BOOKMARK [1][-]{section.8}{\376\377\000K\000e\000r\000n\000e\000l}{}% 22
\BOOKMARK [2][-]{subsection.8.1}{\376\377\000K\000e\000r\000n\000e\000l\000\040\000R\000e\000g\000r\000e\000s\000s\000i\000o\000n}{section.8}% 23
\BOOKMARK [1][-]{section.9}{\376\377\000C\000l\000u\000s\000t\000e\000r\000i\000n\000g}{}% 24
\BOOKMARK [2][-]{subsection.9.1}{\376\377\000C\000L\000u\000s\000t\000e\000r\000\040\000A\000n\000a\000l\000y\000s\000i\000s}{section.9}% 25
\BOOKMARK [2][-]{subsection.9.2}{\376\377\000C\000o\000m\000b\000i\000n\000a\000t\000o\000r\000i\000a\000l\000\040\000A\000l\000g\000o\000r\000i\000t\000h\000m}{section.9}% 26
\BOOKMARK [2][-]{subsection.9.3}{\376\377\000K\000-\000m\000e\000a\000n}{section.9}% 27
\BOOKMARK [2][-]{subsection.9.4}{\376\377\000H\000i\000e\000r\000a\000r\000c\000h\000i\000c\000a\000l\000\040\000C\000l\000u\000s\000t\000e\000r\000i\000n\000g}{section.9}% 28
\BOOKMARK [2][-]{subsection.9.5}{\376\377\000S\000p\000e\000c\000t\000r\000a\000l\000\040\000C\000l\000u\000s\000t\000e\000r\000i\000n\000g}{section.9}% 29
\BOOKMARK [1][-]{section.10}{\376\377\000S\000u\000r\000v\000i\000v\000a\000l\000\040\000A\000n\000a\000l\000y\000s\000i\000s}{}% 30
\BOOKMARK [2][-]{subsection.10.1}{\376\377\000p\000r\000e\000l\000i\000m\000i\000n\000a\000r\000y}{section.10}% 31
\BOOKMARK [2][-]{subsection.10.2}{\376\377\000K\000a\000p\000l\000a\000n\000-\000M\000e\000i\000e\000r\000\040\000e\000s\000t\000i\000m\000a\000t\000o\000r}{section.10}% 32
\BOOKMARK [2][-]{subsection.10.3}{\376\377\000L\000o\000g\000r\000a\000n\000k\000\040\000T\000e\000s\000t}{section.10}% 33
\BOOKMARK [2][-]{subsection.10.4}{\376\377\000C\000o\000x}{section.10}% 34
\BOOKMARK [1][-]{section.11}{\376\377\000C\000a\000u\000s\000a\000l\000\040\000I\000n\000f\000e\000r\000e\000n\000c\000e}{}% 35
\BOOKMARK [1][-]{section.12}{\376\377\000A\000p\000p\000e\000n\000d\000i\000x}{}% 36
